

============================== 2022-11-17 06:36:54.519298 | 50cc8239-4f55-4db4-9a47-d2bdf0ad11af ==============================
[0m06:36:54.519315 [info ] [MainThread]: Running with dbt=1.3.1
[0m06:36:54.519936 [debug] [MainThread]: running dbt with arguments {'write_json': True, 'use_colors': True, 'printer_width': 80, 'version_check': True, 'partial_parse': True, 'static_parser': True, 'profiles_dir': '/home/leviscoffie/Data-Engineering-StepbyStep/week4_analytics_engineering/dbt-bq-docker-setup', 'send_anonymous_usage_stats': True, 'event_buffer_size': 100000, 'quiet': False, 'no_print': False, 'skip_profile_setup': False, 'which': 'init', 'indirect_selection': 'eager'}
[0m06:36:54.520178 [debug] [MainThread]: Tracking: tracking
[0m06:36:54.528584 [debug] [MainThread]: Sending event: {'category': 'dbt', 'action': 'invocation', 'label': 'start', 'context': [<snowplow_tracker.self_describing_json.SelfDescribingJson object at 0x7fbccada37f0>, <snowplow_tracker.self_describing_json.SelfDescribingJson object at 0x7fbccad34340>, <snowplow_tracker.self_describing_json.SelfDescribingJson object at 0x7fbccad340d0>]}
[0m06:37:28.069788 [debug] [MainThread]: Starter project path: /home/leviscoffie/anaconda3/lib/python3.9/site-packages/dbt/include/starter_project
[0m06:39:13.725903 [info ] [MainThread]: Profile taxi_rides_ny written to /home/leviscoffie/Data-Engineering-StepbyStep/week4_analytics_engineering/dbt-bq-docker-setup/profiles.yml using target's profile_template.yml and your supplied values. Run 'dbt debug' to validate the connection.
[0m06:39:13.726573 [info ] [MainThread]: 
Your new dbt project "taxi_rides_ny" was created!

For more information on how to configure the profiles.yml file,
please consult the dbt documentation here:

  https://docs.getdbt.com/docs/configure-your-profile

One more thing:

Need help? Don't hesitate to reach out to us via GitHub issues or on Slack:

  https://community.getdbt.com/

Happy modeling!

[0m06:39:13.727046 [debug] [MainThread]: Sending event: {'category': 'dbt', 'action': 'invocation', 'label': 'end', 'context': [<snowplow_tracker.self_describing_json.SelfDescribingJson object at 0x7fbcb79b5670>, <snowplow_tracker.self_describing_json.SelfDescribingJson object at 0x7fbcb79b5640>, <snowplow_tracker.self_describing_json.SelfDescribingJson object at 0x7fbcb79b5f70>]}
[0m06:39:13.727442 [debug] [MainThread]: Flushing usage events


============================== 2022-11-17 06:43:21.859137 | d30c53d2-d076-44a7-82bd-3122b8c718a7 ==============================
[0m06:43:21.859152 [info ] [MainThread]: Running with dbt=1.3.1
[0m06:43:21.859646 [debug] [MainThread]: running dbt with arguments {'write_json': True, 'use_colors': True, 'printer_width': 80, 'version_check': True, 'partial_parse': True, 'static_parser': True, 'profiles_dir': '/home/leviscoffie/Data-Engineering-StepbyStep/week4_analytics_engineering/dbt-bq-docker-setup', 'send_anonymous_usage_stats': True, 'event_buffer_size': 100000, 'quiet': False, 'no_print': False, 'config_dir': True, 'which': 'debug', 'indirect_selection': 'eager'}
[0m06:43:21.859831 [debug] [MainThread]: Tracking: tracking
[0m06:43:21.868612 [debug] [MainThread]: Sending event: {'category': 'dbt', 'action': 'invocation', 'label': 'start', 'context': [<snowplow_tracker.self_describing_json.SelfDescribingJson object at 0x7f8d6b63c310>, <snowplow_tracker.self_describing_json.SelfDescribingJson object at 0x7f8d6b63c5e0>, <snowplow_tracker.self_describing_json.SelfDescribingJson object at 0x7f8d6b63c3d0>]}
[0m06:43:21.870013 [info ] [MainThread]: To view your profiles.yml file, run:

xdg-open /home/leviscoffie/Data-Engineering-StepbyStep/week4_analytics_engineering/dbt-bq-docker-setup
[0m06:43:21.871327 [debug] [MainThread]: Sending event: {'category': 'dbt', 'action': 'invocation', 'label': 'end', 'context': [<snowplow_tracker.self_describing_json.SelfDescribingJson object at 0x7f8d6b63c5e0>, <snowplow_tracker.self_describing_json.SelfDescribingJson object at 0x7f8d6b63c3d0>, <snowplow_tracker.self_describing_json.SelfDescribingJson object at 0x7f8d6b63c6d0>]}
[0m06:43:21.871808 [debug] [MainThread]: Flushing usage events
